2025-10-13 01:50:55,541 - aqt.main - INFO - installer 140165807246208 aqtinstall(aqt) v3.1.21 on Python 3.11.13 [CPython GCC 13.3.0]
2025-10-13 01:50:55,542 - aqt.helper - DEBUG - helper 140165807246208 Attempt to download checksum at https://download.qt.io/online/qtsdkrepository/linux_x64/desktop/qt6_683/qt6_683/Updates.xml.sha256
2025-10-13 01:50:57,128 - aqt.helper - DEBUG - helper 140165807246208 Attempt to download checksum at https://download.qt.io/online/qtsdkrepository/linux_x64/extensions/qtwebengine/683/x86_64/Updates.xml.sha256
2025-10-13 01:50:58,758 - aqt.archives - INFO - archives 140165807246208 Found extension qtwebengine
2025-10-13 01:50:58,758 - aqt.helper - DEBUG - helper 140165807246208 Attempt to download checksum at https://download.qt.io/online/qtsdkrepository/linux_x64/extensions/qtpdf/683/x86_64/Updates.xml.sha256
2025-10-13 01:51:00,330 - aqt.archives - INFO - archives 140165807246208 Found extension qtpdf
2025-10-13 01:51:00,886 - aqt.helper - DEBUG - helper 140157944732544 Attempt to download checksum at https://download.qt.io/online/qtsdkrepository/linux_x64/desktop/qt6_683/qt6_683/qt.qt6.683.linux_gcc_64/6.8.3-0-202503201345qtbase-Linux-RHEL_8_10-GCC-Linux-RHEL_8_10-X86_64.7z.sha256
2025-10-13 01:51:00,886 - aqt.helper - DEBUG - helper 140369316268928 Attempt to download checksum at https://download.qt.io/online/qtsdkrepository/linux_x64/desktop/qt6_683/qt6_683/qt.qt6.683.linux_gcc_64/6.8.3-0-202503201345qtsvg-Linux-RHEL_8_10-GCC-Linux-RHEL_8_10-X86_64.7z.sha256
2025-10-13 01:51:00,895 - aqt.helper - DEBUG - helper 140696894339968 Attempt to download checksum at https://download.qt.io/online/qtsdkrepository/linux_x64/desktop/qt6_683/qt6_683/qt.qt6.683.linux_gcc_64/6.8.3-0-202503201345qtdeclarative-Linux-RHEL_8_10-GCC-Linux-RHEL_8_10-X86_64.7z.sha256
2025-10-13 01:51:00,895 - aqt.helper - DEBUG - helper 139941912427392 Attempt to download checksum at https://download.qt.io/online/qtsdkrepository/linux_x64/desktop/qt6_683/qt6_683/qt.qt6.683.linux_gcc_64/6.8.3-0-202503201345qttools-Linux-RHEL_8_10-GCC-Linux-RHEL_8_10-X86_64.7z.sha256
2025-10-13 01:51:01,604 - aqt.helper - INFO - helper 140157944732544 Downloading qtbase...
2025-10-13 01:51:01,605 - aqt.installer - DEBUG - installer 140157944732544 Download URL: https://download.qt.io/online/qtsdkrepository/linux_x64/desktop/qt6_683/qt6_683/qt.qt6.683.linux_gcc_64/6.8.3-0-202503201345qtbase-Linux-RHEL_8_10-GCC-Linux-RHEL_8_10-X86_64.7z
2025-10-13 01:51:01,649 - aqt.helper - INFO - helper 140369316268928 Downloading qtsvg...
2025-10-13 01:51:01,649 - aqt.installer - DEBUG - installer 140369316268928 Download URL: https://download.qt.io/online/qtsdkrepository/linux_x64/desktop/qt6_683/qt6_683/qt.qt6.683.linux_gcc_64/6.8.3-0-202503201345qtsvg-Linux-RHEL_8_10-GCC-Linux-RHEL_8_10-X86_64.7z
2025-10-13 01:51:01,659 - aqt.helper - INFO - helper 140696894339968 Downloading qtdeclarative...
2025-10-13 01:51:01,660 - aqt.installer - DEBUG - installer 140696894339968 Download URL: https://download.qt.io/online/qtsdkrepository/linux_x64/desktop/qt6_683/qt6_683/qt.qt6.683.linux_gcc_64/6.8.3-0-202503201345qtdeclarative-Linux-RHEL_8_10-GCC-Linux-RHEL_8_10-X86_64.7z
2025-10-13 01:51:01,678 - aqt.helper - INFO - helper 139941912427392 Downloading qttools...
2025-10-13 01:51:01,678 - aqt.installer - DEBUG - installer 139941912427392 Download URL: https://download.qt.io/online/qtsdkrepository/linux_x64/desktop/qt6_683/qt6_683/qt.qt6.683.linux_gcc_64/6.8.3-0-202503201345qttools-Linux-RHEL_8_10-GCC-Linux-RHEL_8_10-X86_64.7z
2025-10-13 01:51:02,180 - aqt.helper - DEBUG - helper 140696894339968 Asked to redirect(302) to: https://mirror.accum.se/mirror/qt.io/qtproject/online/qtsdkrepository/linux_x64/desktop/qt6_683/qt6_683/qt.qt6.683.linux_gcc_64/6.8.3-0-202503201345qtdeclarative-Linux-RHEL_8_10-GCC-Linux-RHEL_8_10-X86_64.7z
2025-10-13 01:51:02,180 - aqt.helper - INFO - helper 140696894339968 Redirected: mirror.accum.se
2025-10-13 01:51:02,180 - aqt.helper - DEBUG - helper 140157944732544 Asked to redirect(302) to: https://mirror.accum.se/mirror/qt.io/qtproject/online/qtsdkrepository/linux_x64/desktop/qt6_683/qt6_683/qt.qt6.683.linux_gcc_64/6.8.3-0-202503201345qtbase-Linux-RHEL_8_10-GCC-Linux-RHEL_8_10-X86_64.7z
2025-10-13 01:51:02,181 - aqt.helper - INFO - helper 140157944732544 Redirected: mirror.accum.se
2025-10-13 01:51:02,203 - aqt.helper - DEBUG - helper 139941912427392 Asked to redirect(302) to: https://mirror.accum.se/mirror/qt.io/qtproject/online/qtsdkrepository/linux_x64/desktop/qt6_683/qt6_683/qt.qt6.683.linux_gcc_64/6.8.3-0-202503201345qttools-Linux-RHEL_8_10-GCC-Linux-RHEL_8_10-X86_64.7z
2025-10-13 01:51:02,203 - aqt.helper - INFO - helper 139941912427392 Redirected: mirror.accum.se
2025-10-13 01:51:02,235 - aqt.helper - DEBUG - helper 140369316268928 Asked to redirect(302) to: https://mirror.accum.se/mirror/qt.io/qtproject/online/qtsdkrepository/linux_x64/desktop/qt6_683/qt6_683/qt.qt6.683.linux_gcc_64/6.8.3-0-202503201345qtsvg-Linux-RHEL_8_10-GCC-Linux-RHEL_8_10-X86_64.7z
2025-10-13 01:51:02,235 - aqt.helper - INFO - helper 140369316268928 Redirected: mirror.accum.se
2025-10-13 01:51:03,451 - aqt.installer - INFO - installer 140369316268928 Finished installation of qtsvg-Linux-RHEL_8_10-GCC-Linux-RHEL_8_10-X86_64.7z in 2.56744939
2025-10-13 01:51:03,463 - aqt.helper - DEBUG - helper 140369316268928 Attempt to download checksum at https://download.qt.io/online/qtsdkrepository/linux_x64/desktop/qt6_683/qt6_683/qt.qt6.683.linux_gcc_64/6.8.3-0-202503201345qttranslations-Linux-RHEL_8_10-GCC-Linux-RHEL_8_10-X86_64.7z.sha256
2025-10-13 01:51:04,343 - aqt.helper - INFO - helper 140369316268928 Downloading qttranslations...
2025-10-13 01:51:04,343 - aqt.installer - DEBUG - installer 140369316268928 Download URL: https://download.qt.io/online/qtsdkrepository/linux_x64/desktop/qt6_683/qt6_683/qt.qt6.683.linux_gcc_64/6.8.3-0-202503201345qttranslations-Linux-RHEL_8_10-GCC-Linux-RHEL_8_10-X86_64.7z
2025-10-13 01:51:04,864 - aqt.helper - DEBUG - helper 140369316268928 Asked to redirect(302) to: https://mirror.accum.se/mirror/qt.io/qtproject/online/qtsdkrepository/linux_x64/desktop/qt6_683/qt6_683/qt.qt6.683.linux_gcc_64/6.8.3-0-202503201345qttranslations-Linux-RHEL_8_10-GCC-Linux-RHEL_8_10-X86_64.7z
2025-10-13 01:51:04,864 - aqt.helper - INFO - helper 140369316268928 Redirected: mirror.accum.se
2025-10-13 01:51:06,487 - aqt.installer - INFO - installer 140369316268928 Finished installation of qttranslations-Linux-RHEL_8_10-GCC-Linux-RHEL_8_10-X86_64.7z in 3.02509986
2025-10-13 01:51:06,503 - aqt.helper - DEBUG - helper 140369316268928 Attempt to download checksum at https://download.qt.io/online/qtsdkrepository/linux_x64/desktop/qt6_683/qt6_683/qt.qt6.683.linux_gcc_64/6.8.3-0-202503201345qtwayland-Linux-RHEL_8_10-GCC-Linux-RHEL_8_10-X86_64.7z.sha256
2025-10-13 01:51:07,327 - aqt.helper - INFO - helper 140369316268928 Downloading qtwayland...
2025-10-13 01:51:07,327 - aqt.installer - DEBUG - installer 140369316268928 Download URL: https://download.qt.io/online/qtsdkrepository/linux_x64/desktop/qt6_683/qt6_683/qt.qt6.683.linux_gcc_64/6.8.3-0-202503201345qtwayland-Linux-RHEL_8_10-GCC-Linux-RHEL_8_10-X86_64.7z
2025-10-13 01:51:07,860 - aqt.helper - DEBUG - helper 140369316268928 Asked to redirect(302) to: https://mirror.accum.se/mirror/qt.io/qtproject/online/qtsdkrepository/linux_x64/desktop/qt6_683/qt6_683/qt.qt6.683.linux_gcc_64/6.8.3-0-202503201345qtwayland-Linux-RHEL_8_10-GCC-Linux-RHEL_8_10-X86_64.7z
2025-10-13 01:51:07,860 - aqt.helper - INFO - helper 140369316268928 Redirected: mirror.accum.se
2025-10-13 01:51:08,381 - aqt.installer - INFO - installer 139941912427392 Finished installation of qttools-Linux-RHEL_8_10-GCC-Linux-RHEL_8_10-X86_64.7z in 7.48749767
2025-10-13 01:51:08,396 - aqt.helper - DEBUG - helper 139941912427392 Attempt to download checksum at https://download.qt.io/online/qtsdkrepository/linux_x64/desktop/qt6_683/qt6_683/qt.qt6.683.linux_gcc_64/6.8.3-0-202503201345icu-linux-Rhel8.6-x86_64.7z.sha256
2025-10-13 01:51:08,413 - aqt.installer - INFO - installer 140157944732544 Finished installation of qtbase-Linux-RHEL_8_10-GCC-Linux-RHEL_8_10-X86_64.7z in 7.52972373
2025-10-13 01:51:09,108 - aqt.helper - INFO - helper 139941912427392 Downloading icu...
2025-10-13 01:51:09,108 - aqt.installer - DEBUG - installer 139941912427392 Download URL: https://download.qt.io/online/qtsdkrepository/linux_x64/desktop/qt6_683/qt6_683/qt.qt6.683.linux_gcc_64/6.8.3-0-202503201345icu-linux-Rhel8.6-x86_64.7z
2025-10-13 01:51:09,173 - aqt.installer - INFO - installer 140369316268928 Finished installation of qtwayland-Linux-RHEL_8_10-GCC-Linux-RHEL_8_10-X86_64.7z in 2.67284068
2025-10-13 01:51:09,698 - aqt.helper - DEBUG - helper 139941912427392 Asked to redirect(302) to: https://mirror.accum.se/mirror/qt.io/qtproject/online/qtsdkrepository/linux_x64/desktop/qt6_683/qt6_683/qt.qt6.683.linux_gcc_64/6.8.3-0-202503201345icu-linux-Rhel8.6-x86_64.7z
2025-10-13 01:51:09,698 - aqt.helper - INFO - helper 139941912427392 Redirected: mirror.accum.se
2025-10-13 01:51:12,487 - aqt.installer - INFO - installer 139941912427392 Finished installation of icu-linux-Rhel8.6-x86_64.7z in 4.09265238
2025-10-13 01:51:19,656 - aqt.installer - INFO - installer 140696894339968 Finished installation of qtdeclarative-Linux-RHEL_8_10-GCC-Linux-RHEL_8_10-X86_64.7z in 18.76262830
2025-10-13 01:51:19,757 - aqt.updater - INFO - updater 140165807246208 Patching /home/runner/work/FreeCAD/Qt/6.8.3/gcc_64/bin/qmake
2025-10-13 01:51:19,761 - aqt.updater - INFO - updater 140165807246208 Patching /home/runner/work/FreeCAD/Qt/6.8.3/gcc_64/lib/pkgconfig/Qt6Sql.pc
2025-10-13 01:51:19,762 - aqt.updater - INFO - updater 140165807246208 Patching /home/runner/work/FreeCAD/Qt/6.8.3/gcc_64/lib/pkgconfig/Qt6Core.pc
2025-10-13 01:51:19,762 - aqt.updater - INFO - updater 140165807246208 Patching /home/runner/work/FreeCAD/Qt/6.8.3/gcc_64/lib/pkgconfig/Qt6SvgWidgets.pc
2025-10-13 01:51:19,762 - aqt.updater - INFO - updater 140165807246208 Patching /home/runner/work/FreeCAD/Qt/6.8.3/gcc_64/lib/pkgconfig/Qt6DBus.pc
2025-10-13 01:51:19,762 - aqt.updater - INFO - updater 140165807246208 Patching /home/runner/work/FreeCAD/Qt/6.8.3/gcc_64/lib/pkgconfig/Qt6Platform.pc
2025-10-13 01:51:19,763 - aqt.updater - INFO - updater 140165807246208 Patching /home/runner/work/FreeCAD/Qt/6.8.3/gcc_64/lib/pkgconfig/Qt6Qml.pc
2025-10-13 01:51:19,763 - aqt.updater - INFO - updater 140165807246208 Patching /home/runner/work/FreeCAD/Qt/6.8.3/gcc_64/lib/pkgconfig/Qt6UiPlugin.pc
2025-10-13 01:51:19,763 - aqt.updater - INFO - updater 140165807246208 Patching /home/runner/work/FreeCAD/Qt/6.8.3/gcc_64/lib/pkgconfig/Qt6QuickControls2UniversalStyleImpl.pc
2025-10-13 01:51:19,763 - aqt.updater - INFO - updater 140165807246208 Patching /home/runner/work/FreeCAD/Qt/6.8.3/gcc_64/lib/pkgconfig/Qt6QuickControls2BasicStyleImpl.pc
2025-10-13 01:51:19,764 - aqt.updater - INFO - updater 140165807246208 Patching /home/runner/work/FreeCAD/Qt/6.8.3/gcc_64/lib/pkgconfig/Qt6QuickControls2.pc
2025-10-13 01:51:19,764 - aqt.updater - INFO - updater 140165807246208 Patching /home/runner/work/FreeCAD/Qt/6.8.3/gcc_64/lib/pkgconfig/Qt6QuickControls2Fusion.pc
2025-10-13 01:51:19,764 - aqt.updater - INFO - updater 140165807246208 Patching /home/runner/work/FreeCAD/Qt/6.8.3/gcc_64/lib/pkgconfig/Qt6Network.pc
2025-10-13 01:51:19,764 - aqt.updater - INFO - updater 140165807246208 Patching /home/runner/work/FreeCAD/Qt/6.8.3/gcc_64/lib/pkgconfig/Qt6Help.pc
2025-10-13 01:51:19,765 - aqt.updater - INFO - updater 140165807246208 Patching /home/runner/work/FreeCAD/Qt/6.8.3/gcc_64/lib/pkgconfig/Qt6LabsWavefrontMesh.pc
2025-10-13 01:51:19,765 - aqt.updater - INFO - updater 140165807246208 Patching /home/runner/work/FreeCAD/Qt/6.8.3/gcc_64/lib/pkgconfig/Qt6QuickWidgets.pc
2025-10-13 01:51:19,765 - aqt.updater - INFO - updater 140165807246208 Patching /home/runner/work/FreeCAD/Qt/6.8.3/gcc_64/lib/pkgconfig/Qt6QuickDialogs2.pc
2025-10-13 01:51:19,765 - aqt.updater - INFO - updater 140165807246208 Patching /home/runner/work/FreeCAD/Qt/6.8.3/gcc_64/lib/pkgconfig/Qt6QuickControls2Material.pc
2025-10-13 01:51:19,766 - aqt.updater - INFO - updater 140165807246208 Patching /home/runner/work/FreeCAD/Qt/6.8.3/gcc_64/lib/pkgconfig/Qt6Xml.pc
2025-10-13 01:51:19,766 - aqt.updater - INFO - updater 140165807246208 Patching /home/runner/work/FreeCAD/Qt/6.8.3/gcc_64/lib/pkgconfig/Qt6QuickTemplates2.pc
2025-10-13 01:51:19,766 - aqt.updater - INFO - updater 140165807246208 Patching /home/runner/work/FreeCAD/Qt/6.8.3/gcc_64/lib/pkgconfig/Qt6UiTools.pc
2025-10-13 01:51:19,766 - aqt.updater - INFO - updater 140165807246208 Patching /home/runner/work/FreeCAD/Qt/6.8.3/gcc_64/lib/pkgconfig/Qt6Gui.pc
2025-10-13 01:51:19,766 - aqt.updater - INFO - updater 140165807246208 Patching /home/runner/work/FreeCAD/Qt/6.8.3/gcc_64/lib/pkgconfig/Qt6QuickControls2FluentWinUI3StyleImpl.pc
2025-10-13 01:51:19,767 - aqt.updater - INFO - updater 140165807246208 Patching /home/runner/work/FreeCAD/Qt/6.8.3/gcc_64/lib/pkgconfig/Qt6Designer.pc
2025-10-13 01:51:19,767 - aqt.updater - INFO - updater 140165807246208 Patching /home/runner/work/FreeCAD/Qt/6.8.3/gcc_64/lib/pkgconfig/Qt6QuickLayouts.pc
2025-10-13 01:51:19,767 - aqt.updater - INFO - updater 140165807246208 Patching /home/runner/work/FreeCAD/Qt/6.8.3/gcc_64/lib/pkgconfig/Qt6QmlIntegration.pc
2025-10-13 01:51:19,767 - aqt.updater - INFO - updater 140165807246208 Patching /home/runner/work/FreeCAD/Qt/6.8.3/gcc_64/lib/pkgconfig/Qt6PrintSupport.pc
2025-10-13 01:51:19,768 - aqt.updater - INFO - updater 140165807246208 Patching /home/runner/work/FreeCAD/Qt/6.8.3/gcc_64/lib/pkgconfig/Qt6LabsAnimation.pc
2025-10-13 01:51:19,768 - aqt.updater - INFO - updater 140165807246208 Patching /home/runner/work/FreeCAD/Qt/6.8.3/gcc_64/lib/pkgconfig/Qt6LabsSettings.pc
2025-10-13 01:51:19,768 - aqt.updater - INFO - updater 140165807246208 Patching /home/runner/work/FreeCAD/Qt/6.8.3/gcc_64/lib/pkgconfig/Qt6QuickControls2Universal.pc
2025-10-13 01:51:19,768 - aqt.updater - INFO - updater 140165807246208 Patching /home/runner/work/FreeCAD/Qt/6.8.3/gcc_64/lib/pkgconfig/Qt6Linguist.pc
2025-10-13 01:51:19,768 - aqt.updater - INFO - updater 140165807246208 Patching /home/runner/work/FreeCAD/Qt/6.8.3/gcc_64/lib/pkgconfig/Qt6QmlNetwork.pc
2025-10-13 01:51:19,769 - aqt.updater - INFO - updater 140165807246208 Patching /home/runner/work/FreeCAD/Qt/6.8.3/gcc_64/lib/pkgconfig/Qt6LabsFolderListModel.pc
2025-10-13 01:51:19,769 - aqt.updater - INFO - updater 140165807246208 Patching /home/runner/work/FreeCAD/Qt/6.8.3/gcc_64/lib/pkgconfig/Qt6QmlAssetDownloader.pc
2025-10-13 01:51:19,769 - aqt.updater - INFO - updater 140165807246208 Patching /home/runner/work/FreeCAD/Qt/6.8.3/gcc_64/lib/pkgconfig/Qt6QmlXmlListModel.pc
2025-10-13 01:51:19,769 - aqt.updater - INFO - updater 140165807246208 Patching /home/runner/work/FreeCAD/Qt/6.8.3/gcc_64/lib/pkgconfig/Qt6Concurrent.pc
2025-10-13 01:51:19,770 - aqt.updater - INFO - updater 140165807246208 Patching /home/runner/work/FreeCAD/Qt/6.8.3/gcc_64/lib/pkgconfig/Qt6OpenGL.pc
2025-10-13 01:51:19,770 - aqt.updater - INFO - updater 140165807246208 Patching /home/runner/work/FreeCAD/Qt/6.8.3/gcc_64/lib/pkgconfig/Qt6LabsQmlModels.pc
2025-10-13 01:51:19,770 - aqt.updater - INFO - updater 140165807246208 Patching /home/runner/work/FreeCAD/Qt/6.8.3/gcc_64/lib/pkgconfig/Qt6QuickVectorImage.pc
2025-10-13 01:51:19,770 - aqt.updater - INFO - updater 140165807246208 Patching /home/runner/work/FreeCAD/Qt/6.8.3/gcc_64/lib/pkgconfig/Qt6QuickControls2Imagine.pc
2025-10-13 01:51:19,770 - aqt.updater - INFO - updater 140165807246208 Patching /home/runner/work/FreeCAD/Qt/6.8.3/gcc_64/lib/pkgconfig/Qt6WaylandClient.pc
2025-10-13 01:51:19,771 - aqt.updater - INFO - updater 140165807246208 Patching /home/runner/work/FreeCAD/Qt/6.8.3/gcc_64/lib/pkgconfig/Qt6Svg.pc
2025-10-13 01:51:19,771 - aqt.updater - INFO - updater 140165807246208 Patching /home/runner/work/FreeCAD/Qt/6.8.3/gcc_64/lib/pkgconfig/Qt6QuickControls2MaterialStyleImpl.pc
2025-10-13 01:51:19,771 - aqt.updater - INFO - updater 140165807246208 Patching /home/runner/work/FreeCAD/Qt/6.8.3/gcc_64/lib/pkgconfig/Qt6QmlMeta.pc
2025-10-13 01:51:19,771 - aqt.updater - INFO - updater 140165807246208 Patching /home/runner/work/FreeCAD/Qt/6.8.3/gcc_64/lib/pkgconfig/Qt6Test.pc
2025-10-13 01:51:19,772 - aqt.updater - INFO - updater 140165807246208 Patching /home/runner/work/FreeCAD/Qt/6.8.3/gcc_64/lib/pkgconfig/Qt6Quick.pc
2025-10-13 01:51:19,772 - aqt.updater - INFO - updater 140165807246208 Patching /home/runner/work/FreeCAD/Qt/6.8.3/gcc_64/lib/pkgconfig/Qt6LabsPlatform.pc
2025-10-13 01:51:19,772 - aqt.updater - INFO - updater 140165807246208 Patching /home/runner/work/FreeCAD/Qt/6.8.3/gcc_64/lib/pkgconfig/Qt6QmlLocalStorage.pc
2025-10-13 01:51:19,772 - aqt.updater - INFO - updater 140165807246208 Patching /home/runner/work/FreeCAD/Qt/6.8.3/gcc_64/lib/pkgconfig/Qt6Widgets.pc
2025-10-13 01:51:19,773 - aqt.updater - INFO - updater 140165807246208 Patching /home/runner/work/FreeCAD/Qt/6.8.3/gcc_64/lib/pkgconfig/Qt6QmlCore.pc
2025-10-13 01:51:19,773 - aqt.updater - INFO - updater 140165807246208 Patching /home/runner/work/FreeCAD/Qt/6.8.3/gcc_64/lib/pkgconfig/Qt6LabsSharedImage.pc
2025-10-13 01:51:19,773 - aqt.updater - INFO - updater 140165807246208 Patching /home/runner/work/FreeCAD/Qt/6.8.3/gcc_64/lib/pkgconfig/Qt6OpenGLWidgets.pc
2025-10-13 01:51:19,773 - aqt.updater - INFO - updater 140165807246208 Patching /home/runner/work/FreeCAD/Qt/6.8.3/gcc_64/lib/pkgconfig/Qt6QuickControls2Impl.pc
2025-10-13 01:51:19,773 - aqt.updater - INFO - updater 140165807246208 Patching /home/runner/work/FreeCAD/Qt/6.8.3/gcc_64/lib/pkgconfig/Qt6QmlCompiler.pc
2025-10-13 01:51:19,774 - aqt.updater - INFO - updater 140165807246208 Patching /home/runner/work/FreeCAD/Qt/6.8.3/gcc_64/lib/pkgconfig/Qt6QuickDialogs2Utils.pc
2025-10-13 01:51:19,774 - aqt.updater - INFO - updater 140165807246208 Patching /home/runner/work/FreeCAD/Qt/6.8.3/gcc_64/lib/pkgconfig/Qt6QuickDialogs2QuickImpl.pc
2025-10-13 01:51:19,774 - aqt.updater - INFO - updater 140165807246208 Patching /home/runner/work/FreeCAD/Qt/6.8.3/gcc_64/lib/pkgconfig/Qt6QuickControls2Basic.pc
2025-10-13 01:51:19,774 - aqt.updater - INFO - updater 140165807246208 Patching /home/runner/work/FreeCAD/Qt/6.8.3/gcc_64/lib/pkgconfig/Qt6QuickControls2FusionStyleImpl.pc
2025-10-13 01:51:19,774 - aqt.updater - INFO - updater 140165807246208 Patching /home/runner/work/FreeCAD/Qt/6.8.3/gcc_64/lib/pkgconfig/Qt6QmlWorkerScript.pc
2025-10-13 01:51:19,775 - aqt.updater - INFO - updater 140165807246208 Patching /home/runner/work/FreeCAD/Qt/6.8.3/gcc_64/lib/pkgconfig/Qt6QuickTest.pc
2025-10-13 01:51:19,775 - aqt.updater - INFO - updater 140165807246208 Patching /home/runner/work/FreeCAD/Qt/6.8.3/gcc_64/lib/pkgconfig/Qt6QuickControls2ImagineStyleImpl.pc
2025-10-13 01:51:19,775 - aqt.updater - INFO - updater 140165807246208 Patching /home/runner/work/FreeCAD/Qt/6.8.3/gcc_64/lib/pkgconfig/Qt6QmlModels.pc
2025-10-13 01:51:19,776 - aqt.updater - INFO - updater 140165807246208 Patching /home/runner/work/FreeCAD/Qt/6.8.3/gcc_64/lib/libQt6Svg.prl
2025-10-13 01:51:19,776 - aqt.updater - INFO - updater 140165807246208 Patching /home/runner/work/FreeCAD/Qt/6.8.3/gcc_64/lib/libQt6OpenGL.prl
2025-10-13 01:51:19,777 - aqt.updater - INFO - updater 140165807246208 Patching /home/runner/work/FreeCAD/Qt/6.8.3/gcc_64/lib/libQt6QmlLocalStorage.prl
2025-10-13 01:51:19,777 - aqt.updater - INFO - updater 140165807246208 Patching /home/runner/work/FreeCAD/Qt/6.8.3/gcc_64/lib/libQt6QuickEffects.prl
2025-10-13 01:51:19,777 - aqt.updater - INFO - updater 140165807246208 Patching /home/runner/work/FreeCAD/Qt/6.8.3/gcc_64/lib/libQt6Gui.prl
2025-10-13 01:51:19,777 - aqt.updater - INFO - updater 140165807246208 Patching /home/runner/work/FreeCAD/Qt/6.8.3/gcc_64/lib/libQt6Network.prl
2025-10-13 01:51:19,777 - aqt.updater - INFO - updater 140165807246208 Patching /home/runner/work/FreeCAD/Qt/6.8.3/gcc_64/lib/libQt6QuickControls2FluentWinUI3StyleImpl.prl
2025-10-13 01:51:19,778 - aqt.updater - INFO - updater 140165807246208 Patching /home/runner/work/FreeCAD/Qt/6.8.3/gcc_64/lib/libQt6WaylandEglClientHwIntegration.prl
2025-10-13 01:51:19,778 - aqt.updater - INFO - updater 140165807246208 Patching /home/runner/work/FreeCAD/Qt/6.8.3/gcc_64/lib/libQt6Quick.prl
2025-10-13 01:51:19,778 - aqt.updater - INFO - updater 140165807246208 Patching /home/runner/work/FreeCAD/Qt/6.8.3/gcc_64/lib/libQt6QuickVectorImage.prl
2025-10-13 01:51:19,778 - aqt.updater - INFO - updater 140165807246208 Patching /home/runner/work/FreeCAD/Qt/6.8.3/gcc_64/lib/libQt6QuickControls2.prl
2025-10-13 01:51:19,779 - aqt.updater - INFO - updater 140165807246208 Patching /home/runner/work/FreeCAD/Qt/6.8.3/gcc_64/lib/libQt6QuickControls2BasicStyleImpl.prl
2025-10-13 01:51:19,779 - aqt.updater - INFO - updater 140165807246208 Patching /home/runner/work/FreeCAD/Qt/6.8.3/gcc_64/lib/libQt6QmlNetwork.prl
2025-10-13 01:51:19,779 - aqt.updater - INFO - updater 140165807246208 Patching /home/runner/work/FreeCAD/Qt/6.8.3/gcc_64/lib/libQt6ExampleIcons.prl
2025-10-13 01:51:19,779 - aqt.updater - INFO - updater 140165807246208 Patching /home/runner/work/FreeCAD/Qt/6.8.3/gcc_64/lib/libQt6WlShellIntegration.prl
2025-10-13 01:51:19,779 - aqt.updater - INFO - updater 140165807246208 Patching /home/runner/work/FreeCAD/Qt/6.8.3/gcc_64/lib/libQt6LabsQmlModels.prl
2025-10-13 01:51:19,780 - aqt.updater - INFO - updater 140165807246208 Patching /home/runner/work/FreeCAD/Qt/6.8.3/gcc_64/lib/libQt6QuickDialogs2.prl
2025-10-13 01:51:19,780 - aqt.updater - INFO - updater 140165807246208 Patching /home/runner/work/FreeCAD/Qt/6.8.3/gcc_64/lib/libQt6QuickVectorImageGenerator.prl
2025-10-13 01:51:19,780 - aqt.updater - INFO - updater 140165807246208 Patching /home/runner/work/FreeCAD/Qt/6.8.3/gcc_64/lib/libQt6DesignerComponents.prl
2025-10-13 01:51:19,780 - aqt.updater - INFO - updater 140165807246208 Patching /home/runner/work/FreeCAD/Qt/6.8.3/gcc_64/lib/libQt6FbSupport.prl
2025-10-13 01:51:19,781 - aqt.updater - INFO - updater 140165807246208 Patching /home/runner/work/FreeCAD/Qt/6.8.3/gcc_64/lib/libQt6SvgWidgets.prl
2025-10-13 01:51:19,781 - aqt.updater - INFO - updater 140165807246208 Patching /home/runner/work/FreeCAD/Qt/6.8.3/gcc_64/lib/libQt6QuickWidgets.prl
2025-10-13 01:51:19,781 - aqt.updater - INFO - updater 140165807246208 Patching /home/runner/work/FreeCAD/Qt/6.8.3/gcc_64/lib/libQt6QmlMeta.prl
2025-10-13 01:51:19,781 - aqt.updater - INFO - updater 140165807246208 Patching /home/runner/work/FreeCAD/Qt/6.8.3/gcc_64/lib/libQt6QmlWorkerScript.prl
2025-10-13 01:51:19,781 - aqt.updater - INFO - updater 140165807246208 Patching /home/runner/work/FreeCAD/Qt/6.8.3/gcc_64/lib/libQt6LabsFolderListModel.prl
2025-10-13 01:51:19,782 - aqt.updater - INFO - updater 140165807246208 Patching /home/runner/work/FreeCAD/Qt/6.8.3/gcc_64/lib/libQt6QuickDialogs2Utils.prl
2025-10-13 01:51:19,782 - aqt.updater - INFO - updater 140165807246208 Patching /home/runner/work/FreeCAD/Qt/6.8.3/gcc_64/lib/libQt6QuickControls2ImagineStyleImpl.prl
2025-10-13 01:51:19,782 - aqt.updater - INFO - updater 140165807246208 Patching /home/runner/work/FreeCAD/Qt/6.8.3/gcc_64/lib/libQt6QmlToolingSettings.prl
2025-10-13 01:51:19,782 - aqt.updater - INFO - updater 140165807246208 Patching /home/runner/work/FreeCAD/Qt/6.8.3/gcc_64/lib/libQt6QmlLS.prl
2025-10-13 01:51:19,783 - aqt.updater - INFO - updater 140165807246208 Patching /home/runner/work/FreeCAD/Qt/6.8.3/gcc_64/lib/libQt6QuickTest.prl
2025-10-13 01:51:19,783 - aqt.updater - INFO - updater 140165807246208 Patching /home/runner/work/FreeCAD/Qt/6.8.3/gcc_64/lib/libQt6QuickControlsTestUtils.prl
2025-10-13 01:51:19,783 - aqt.updater - INFO - updater 140165807246208 Patching /home/runner/work/FreeCAD/Qt/6.8.3/gcc_64/lib/libQt6Concurrent.prl
2025-10-13 01:51:19,783 - aqt.updater - INFO - updater 140165807246208 Patching /home/runner/work/FreeCAD/Qt/6.8.3/gcc_64/lib/libQt6KmsSupport.prl
2025-10-13 01:51:19,783 - aqt.updater - INFO - updater 140165807246208 Patching /home/runner/work/FreeCAD/Qt/6.8.3/gcc_64/lib/libQt6QuickControls2MaterialStyleImpl.prl
2025-10-13 01:51:19,784 - aqt.updater - INFO - updater 140165807246208 Patching /home/runner/work/FreeCAD/Qt/6.8.3/gcc_64/lib/libQt6Help.prl
2025-10-13 01:51:19,784 - aqt.updater - INFO - updater 140165807246208 Patching /home/runner/work/FreeCAD/Qt/6.8.3/gcc_64/lib/libQt6Xml.prl
2025-10-13 01:51:19,784 - aqt.updater - INFO - updater 140165807246208 Patching /home/runner/work/FreeCAD/Qt/6.8.3/gcc_64/lib/libQt6EglFsKmsGbmSupport.prl
2025-10-13 01:51:19,784 - aqt.updater - INFO - updater 140165807246208 Patching /home/runner/work/FreeCAD/Qt/6.8.3/gcc_64/lib/libQt6DBus.prl
2025-10-13 01:51:19,785 - aqt.updater - INFO - updater 140165807246208 Patching /home/runner/work/FreeCAD/Qt/6.8.3/gcc_64/lib/libQt6QuickDialogs2QuickImpl.prl
2025-10-13 01:51:19,785 - aqt.updater - INFO - updater 140165807246208 Patching /home/runner/work/FreeCAD/Qt/6.8.3/gcc_64/lib/libQt6EglFSDeviceIntegration.prl
2025-10-13 01:51:19,785 - aqt.updater - INFO - updater 140165807246208 Patching /home/runner/work/FreeCAD/Qt/6.8.3/gcc_64/lib/libQt6InputSupport.prl
2025-10-13 01:51:19,785 - aqt.updater - INFO - updater 140165807246208 Patching /home/runner/work/FreeCAD/Qt/6.8.3/gcc_64/lib/libQt6Widgets.prl
2025-10-13 01:51:19,785 - aqt.updater - INFO - updater 140165807246208 Patching /home/runner/work/FreeCAD/Qt/6.8.3/gcc_64/lib/libQt6Sql.prl
2025-10-13 01:51:19,786 - aqt.updater - INFO - updater 140165807246208 Patching /home/runner/work/FreeCAD/Qt/6.8.3/gcc_64/lib/libQt6QuickTestUtils.prl
2025-10-13 01:51:19,786 - aqt.updater - INFO - updater 140165807246208 Patching /home/runner/work/FreeCAD/Qt/6.8.3/gcc_64/lib/libQt6QmlModels.prl
2025-10-13 01:51:19,786 - aqt.updater - INFO - updater 140165807246208 Patching /home/runner/work/FreeCAD/Qt/6.8.3/gcc_64/lib/libQt6QuickControls2Basic.prl
2025-10-13 01:51:19,786 - aqt.updater - INFO - updater 140165807246208 Patching /home/runner/work/FreeCAD/Qt/6.8.3/gcc_64/lib/libQt6QuickTemplates2.prl
2025-10-13 01:51:19,787 - aqt.updater - INFO - updater 140165807246208 Patching /home/runner/work/FreeCAD/Qt/6.8.3/gcc_64/lib/libQt6UiTools.prl
2025-10-13 01:51:19,787 - aqt.updater - INFO - updater 140165807246208 Patching /home/runner/work/FreeCAD/Qt/6.8.3/gcc_64/lib/libQt6QmlDebug.prl
2025-10-13 01:51:19,787 - aqt.updater - INFO - updater 140165807246208 Patching /home/runner/work/FreeCAD/Qt/6.8.3/gcc_64/lib/libQt6QuickControls2Imagine.prl
2025-10-13 01:51:19,787 - aqt.updater - INFO - updater 140165807246208 Patching /home/runner/work/FreeCAD/Qt/6.8.3/gcc_64/lib/libQt6WaylandClient.prl
2025-10-13 01:51:19,787 - aqt.updater - INFO - updater 140165807246208 Patching /home/runner/work/FreeCAD/Qt/6.8.3/gcc_64/lib/libQt6PacketProtocol.prl
2025-10-13 01:51:19,788 - aqt.updater - INFO - updater 140165807246208 Patching /home/runner/work/FreeCAD/Qt/6.8.3/gcc_64/lib/libQt6OpenGLWidgets.prl
2025-10-13 01:51:19,788 - aqt.updater - INFO - updater 140165807246208 Patching /home/runner/work/FreeCAD/Qt/6.8.3/gcc_64/lib/libQt6LabsPlatform.prl
2025-10-13 01:51:19,788 - aqt.updater - INFO - updater 140165807246208 Patching /home/runner/work/FreeCAD/Qt/6.8.3/gcc_64/lib/libQt6Core.prl
2025-10-13 01:51:19,788 - aqt.updater - INFO - updater 140165807246208 Patching /home/runner/work/FreeCAD/Qt/6.8.3/gcc_64/lib/libQt6QuickControls2FusionStyleImpl.prl
2025-10-13 01:51:19,789 - aqt.updater - INFO - updater 140165807246208 Patching /home/runner/work/FreeCAD/Qt/6.8.3/gcc_64/lib/libQt6LabsSettings.prl
2025-10-13 01:51:19,789 - aqt.updater - INFO - updater 140165807246208 Patching /home/runner/work/FreeCAD/Qt/6.8.3/gcc_64/lib/libQt6QmlDom.prl
2025-10-13 01:51:19,789 - aqt.updater - INFO - updater 140165807246208 Patching /home/runner/work/FreeCAD/Qt/6.8.3/gcc_64/lib/libQt6Qml.prl
2025-10-13 01:51:19,789 - aqt.updater - INFO - updater 140165807246208 Patching /home/runner/work/FreeCAD/Qt/6.8.3/gcc_64/lib/libQt6QuickControls2UniversalStyleImpl.prl
2025-10-13 01:51:19,789 - aqt.updater - INFO - updater 140165807246208 Patching /home/runner/work/FreeCAD/Qt/6.8.3/gcc_64/lib/libQt6QuickLayouts.prl
2025-10-13 01:51:19,790 - aqt.updater - INFO - updater 140165807246208 Patching /home/runner/work/FreeCAD/Qt/6.8.3/gcc_64/lib/libQt6QuickControls2Impl.prl
2025-10-13 01:51:19,790 - aqt.updater - INFO - updater 140165807246208 Patching /home/runner/work/FreeCAD/Qt/6.8.3/gcc_64/lib/libQt6XcbQpa.prl
2025-10-13 01:51:19,790 - aqt.updater - INFO - updater 140165807246208 Patching /home/runner/work/FreeCAD/Qt/6.8.3/gcc_64/lib/libQt6QuickShapes.prl
2025-10-13 01:51:19,790 - aqt.updater - INFO - updater 140165807246208 Patching /home/runner/work/FreeCAD/Qt/6.8.3/gcc_64/lib/libQt6DeviceDiscoverySupport.prl
2025-10-13 01:51:19,791 - aqt.updater - INFO - updater 140165807246208 Patching /home/runner/work/FreeCAD/Qt/6.8.3/gcc_64/lib/libQt6QmlCompiler.prl
2025-10-13 01:51:19,791 - aqt.updater - INFO - updater 140165807246208 Patching /home/runner/work/FreeCAD/Qt/6.8.3/gcc_64/lib/libQt6QuickParticles.prl
2025-10-13 01:51:19,791 - aqt.updater - INFO - updater 140165807246208 Patching /home/runner/work/FreeCAD/Qt/6.8.3/gcc_64/lib/libQt6QuickControls2Universal.prl
2025-10-13 01:51:19,791 - aqt.updater - INFO - updater 140165807246208 Patching /home/runner/work/FreeCAD/Qt/6.8.3/gcc_64/lib/libQt6LabsWavefrontMesh.prl
2025-10-13 01:51:19,791 - aqt.updater - INFO - updater 140165807246208 Patching /home/runner/work/FreeCAD/Qt/6.8.3/gcc_64/lib/libQt6QmlXmlListModel.prl
2025-10-13 01:51:19,792 - aqt.updater - INFO - updater 140165807246208 Patching /home/runner/work/FreeCAD/Qt/6.8.3/gcc_64/lib/libQt6EglFsKmsSupport.prl
2025-10-13 01:51:19,792 - aqt.updater - INFO - updater 140165807246208 Patching /home/runner/work/FreeCAD/Qt/6.8.3/gcc_64/lib/libQt6LabsSharedImage.prl
2025-10-13 01:51:19,792 - aqt.updater - INFO - updater 140165807246208 Patching /home/runner/work/FreeCAD/Qt/6.8.3/gcc_64/lib/libQt6PrintSupport.prl
2025-10-13 01:51:19,792 - aqt.updater - INFO - updater 140165807246208 Patching /home/runner/work/FreeCAD/Qt/6.8.3/gcc_64/lib/libQt6QuickControls2Fusion.prl
2025-10-13 01:51:19,793 - aqt.updater - INFO - updater 140165807246208 Patching /home/runner/work/FreeCAD/Qt/6.8.3/gcc_64/lib/libQt6Designer.prl
2025-10-13 01:51:19,793 - aqt.updater - INFO - updater 140165807246208 Patching /home/runner/work/FreeCAD/Qt/6.8.3/gcc_64/lib/libQt6ExamplesAssetDownloader.prl
2025-10-13 01:51:19,793 - aqt.updater - INFO - updater 140165807246208 Patching /home/runner/work/FreeCAD/Qt/6.8.3/gcc_64/lib/libQt6QmlTypeRegistrar.prl
2025-10-13 01:51:19,793 - aqt.updater - INFO - updater 140165807246208 Patching /home/runner/work/FreeCAD/Qt/6.8.3/gcc_64/lib/libQt6LabsAnimation.prl
2025-10-13 01:51:19,793 - aqt.updater - INFO - updater 140165807246208 Patching /home/runner/work/FreeCAD/Qt/6.8.3/gcc_64/lib/libQt6QuickControls2Material.prl
2025-10-13 01:51:19,794 - aqt.updater - INFO - updater 140165807246208 Patching /home/runner/work/FreeCAD/Qt/6.8.3/gcc_64/lib/libQt6QmlCore.prl
2025-10-13 01:51:19,794 - aqt.updater - INFO - updater 140165807246208 Patching /home/runner/work/FreeCAD/Qt/6.8.3/gcc_64/lib/libQt6QmlAssetDownloader.prl
2025-10-13 01:51:19,794 - aqt.updater - INFO - updater 140165807246208 Patching /home/runner/work/FreeCAD/Qt/6.8.3/gcc_64/lib/libQt6Test.prl
2025-10-13 01:51:19,794 - aqt.main - INFO - installer 140165807246208 Finished installation
2025-10-13 01:51:19,795 - aqt.main - INFO - installer 140165807246208 Time elapsed: 24.25360432 second
